<?xml version="1.0" encoding="UTF-8"?>
<testsuite name="com.grade.webback.WebBackApplicationTests" tests="1" skipped="0" failures="0" errors="0" timestamp="2023-03-08T13:48:26" hostname="DESKTOP-9OT266V" time="0.149">
  <properties/>
  <testcase name="testJpa()" classname="com.grade.webback.WebBackApplicationTests" time="0.149"/>
  <system-out><![CDATA[22:48:24.730 [Test worker] DEBUG org.springframework.boot.test.context.SpringBootTestContextBootstrapper - Neither @ContextConfiguration nor @ContextHierarchy found for test class [WebBackApplicationTests]: using SpringBootContextLoader
22:48:24.734 [Test worker] DEBUG org.springframework.test.context.support.AbstractContextLoader - Could not detect default resource locations for test class [com.grade.webback.WebBackApplicationTests]: no resource found for suffixes {-context.xml, Context.groovy}.
22:48:24.735 [Test worker] INFO org.springframework.test.context.support.AnnotationConfigContextLoaderUtils - Could not detect default configuration classes for test class [com.grade.webback.WebBackApplicationTests]: WebBackApplicationTests does not declare any static, non-private, non-final, nested classes annotated with @Configuration.
22:48:24.752 [Test worker] DEBUG org.springframework.boot.test.context.SpringBootTestContextBootstrapper - Using ContextCustomizers for test class [WebBackApplicationTests]: [DisableObservabilityContextCustomizer, PropertyMappingContextCustomizer, Customizer, ExcludeFilterContextCustomizer, DuplicateJsonObjectContextCustomizer, MockitoContextCustomizer, TestRestTemplateContextCustomizer]
22:48:24.794 [Test worker] DEBUG org.springframework.context.annotation.ClassPathScanningCandidateComponentProvider - Identified candidate component class: file [E:\3grade\web-back\build\classes\java\main\com\grade\webback\WebBackApplication.class]
22:48:24.796 [Test worker] INFO org.springframework.boot.test.context.SpringBootTestContextBootstrapper - Found @SpringBootConfiguration com.grade.webback.WebBackApplication for test class com.grade.webback.WebBackApplicationTests
22:48:24.864 [Test worker] DEBUG org.springframework.boot.test.context.SpringBootTestContextBootstrapper - Using TestExecutionListeners for test class [WebBackApplicationTests]: [ServletTestExecutionListener, DirtiesContextBeforeModesTestExecutionListener, ApplicationEventsTestExecutionListener, MockitoTestExecutionListener, DependencyInjectionTestExecutionListener, DirtiesContextTestExecutionListener, TransactionalTestExecutionListener, SqlScriptsTestExecutionListener, EventPublishingTestExecutionListener, RestDocsTestExecutionListener, MockRestServiceServerResetTestExecutionListener, MockMvcPrintOnlyOnFailureTestExecutionListener, WebDriverTestExecutionListener, MockWebServiceServerTestExecutionListener, ResetMocksTestExecutionListener]
22:48:24.865 [Test worker] DEBUG org.springframework.test.context.support.AbstractDirtiesContextTestExecutionListener - Before test class: class [WebBackApplicationTests], class annotated with @DirtiesContext [false] with mode [null]

  .   ____          _            __ _ _
 /\\ / ___'_ __ _ _(_)_ __  __ _ \ \ \ \
( ( )\___ | '_ | '_| | '_ \/ _` | \ \ \ \
 \\/  ___)| |_)| | | | | || (_| |  ) ) ) )
  '  |____| .__|_| |_|_| |_\__, | / / / /
 =========|_|==============|___/=/_/_/_/
 :: Spring Boot ::                (v3.0.4)

2023-03-08T22:48:25.016+09:00  INFO 15136 --- [    Test worker] c.grade.webback.WebBackApplicationTests  : Starting WebBackApplicationTests using Java 18.0.1.1 with PID 15136 (started by Ugul in E:\3grade\web-back)
2023-03-08T22:48:25.017+09:00  INFO 15136 --- [    Test worker] c.grade.webback.WebBackApplicationTests  : No active profile set, falling back to 1 default profile: "default"
2023-03-08T22:48:25.335+09:00  INFO 15136 --- [    Test worker] .s.d.r.c.RepositoryConfigurationDelegate : Bootstrapping Spring Data JPA repositories in DEFAULT mode.
2023-03-08T22:48:25.369+09:00  INFO 15136 --- [    Test worker] .s.d.r.c.RepositoryConfigurationDelegate : Finished Spring Data repository scanning in 29 ms. Found 2 JPA repository interfaces.
2023-03-08T22:48:25.623+09:00  INFO 15136 --- [    Test worker] o.hibernate.jpa.internal.util.LogHelper  : HHH000204: Processing PersistenceUnitInfo [name: default]
2023-03-08T22:48:25.666+09:00  INFO 15136 --- [    Test worker] org.hibernate.Version                    : HHH000412: Hibernate ORM core version 6.1.7.Final
2023-03-08T22:48:25.865+09:00  INFO 15136 --- [    Test worker] com.zaxxer.hikari.HikariDataSource       : HikariPool-1 - Starting...
2023-03-08T22:48:25.919+09:00  INFO 15136 --- [    Test worker] com.zaxxer.hikari.pool.HikariPool        : HikariPool-1 - Added connection conn0: url=jdbc:h2:tcp://localhost/~/test user=SA
2023-03-08T22:48:25.920+09:00  INFO 15136 --- [    Test worker] com.zaxxer.hikari.HikariDataSource       : HikariPool-1 - Start completed.
2023-03-08T22:48:25.935+09:00  INFO 15136 --- [    Test worker] SQL dialect                              : HHH000400: Using dialect: org.hibernate.dialect.H2Dialect
2023-03-08T22:48:26.442+09:00  INFO 15136 --- [    Test worker] o.h.e.t.j.p.i.JtaPlatformInitiator       : HHH000490: Using JtaPlatform implementation: [org.hibernate.engine.transaction.jta.platform.internal.NoJtaPlatform]
2023-03-08T22:48:26.448+09:00  INFO 15136 --- [    Test worker] j.LocalContainerEntityManagerFactoryBean : Initialized JPA EntityManagerFactory for persistence unit 'default'
2023-03-08T22:48:26.717+09:00  WARN 15136 --- [    Test worker] JpaBaseConfiguration$JpaWebConfiguration : spring.jpa.open-in-view is enabled by default. Therefore, database queries may be performed during view rendering. Explicitly configure spring.jpa.open-in-view to disable this warning
2023-03-08T22:48:26.903+09:00  INFO 15136 --- [    Test worker] o.s.b.a.h2.H2ConsoleAutoConfiguration    : H2 console available at '/h2-console'. Database available at 'jdbc:h2:tcp://localhost/~/test'
2023-03-08T22:48:26.935+09:00  INFO 15136 --- [    Test worker] c.grade.webback.WebBackApplicationTests  : Started WebBackApplicationTests in 2.039 seconds (process running for 2.83)
]]></system-out>
  <system-err><![CDATA[]]></system-err>
</testsuite>
